0 info it worked if it ends with ok
1 verbose cli [ '/usr/bin/node', '/usr/bin/npm', 'start' ]
2 info using npm@3.5.2
3 info using node@v8.10.0
4 verbose run-script [ 'prestart', 'start', 'poststart' ]
5 info lifecycle signmeup@~prestart: signmeup@
6 silly lifecycle signmeup@~prestart: no script for prestart, continuing
7 info lifecycle signmeup@~start: signmeup@
8 verbose lifecycle signmeup@~start: unsafe-perm in lifecycle true
9 verbose lifecycle signmeup@~start: PATH: /usr/share/npm/bin/node-gyp-bin:/home/erik/Documents/School/cloudComputing/MiniProj/signmeup-master/node_modules/.bin:/home/erik/.local/bin:/home/erik/bin:/home/erik/anaconda3/bin:/home/erik/anaconda3/condabin:/home/erik/.local/bin:/home/erik/bin:/usr/local/sbin:/usr/local/bin:/usr/sbin:/usr/bin:/sbin:/bin:/usr/games:/usr/local/games:/snap/bin
10 verbose lifecycle signmeup@~start: CWD: /home/erik/Documents/School/cloudComputing/MiniProj/signmeup-master
11 silly lifecycle signmeup@~start: Args: [ '-c', 'meteor --settings settings.json' ]
12 silly lifecycle signmeup@~start: Returned: code: 254  signal: null
13 info lifecycle signmeup@~start: Failed to exec start script
14 verbose stack Error: signmeup@ start: `meteor --settings settings.json`
14 verbose stack Exit status 254
14 verbose stack     at EventEmitter.<anonymous> (/usr/share/npm/lib/utils/lifecycle.js:232:16)
14 verbose stack     at emitTwo (events.js:126:13)
14 verbose stack     at EventEmitter.emit (events.js:214:7)
14 verbose stack     at ChildProcess.<anonymous> (/usr/share/npm/lib/utils/spawn.js:24:14)
14 verbose stack     at emitTwo (events.js:126:13)
14 verbose stack     at ChildProcess.emit (events.js:214:7)
14 verbose stack     at maybeClose (internal/child_process.js:925:16)
14 verbose stack     at Process.ChildProcess._handle.onexit (internal/child_process.js:209:5)
15 verbose pkgid signmeup@
16 verbose cwd /home/erik/Documents/School/cloudComputing/MiniProj/signmeup-master
17 error Linux 4.15.0-91-generic
18 error argv "/usr/bin/node" "/usr/bin/npm" "start"
19 error node v8.10.0
20 error npm  v3.5.2
21 error code ELIFECYCLE
22 error signmeup@ start: `meteor --settings settings.json`
22 error Exit status 254
23 error Failed at the signmeup@ start script 'meteor --settings settings.json'.
23 error Make sure you have the latest version of node.js and npm installed.
23 error If you do, this is most likely a problem with the signmeup package,
23 error not with npm itself.
23 error Tell the author that this fails on your system:
23 error     meteor --settings settings.json
23 error You can get information on how to open an issue for this project with:
23 error     npm bugs signmeup
23 error Or if that isn't available, you can get their info via:
23 error     npm owner ls signmeup
23 error There is likely additional logging output above.
24 verbose exit [ 1, true ]
